C166 COMPILER V6.06, MAIN                                                                  05/23/2019 22:07:22 PAGE 1   


C166 COMPILER V6.06, COMPILATION OF MODULE MAIN
OBJECT MODULE PLACED IN Main.OBJ
COMPILER INVOKED BY: C:\Keil\C166\BIN\C166.EXE Main.c MODV2 HLARGE BROWSE MODV2 DEBUG

 stmt lvl     source

    1         /******************************************************************************/
    2         /* @Driver       Pin Toggle                                                                       */
    3         /*                                                                            */                            
             -                                    
    4         /* @Controller   Infineon XC164CM-8FF                                         */
    5         /*                                                                            */                          
             -                                      
    6         /* @Compiler     Keil                                                                                             */
    7         /*                                                                            */                          
             -                                      
    8         /* @Module       User C-File                                                  */                          
             -                                             
    9         /*                                                                            */                          
             -                                      
   10         /* @File         main.c                                                       */
   11         /*                                                                            */                          
             -                                      
   12         /* @Version      1.0                                                          */
   13         /*                                                                            */                          
             -                                      
   14         /* @Description  Pin P1L.0 toggles countinously                                                   */
   15         /*                                                                                                                                                        */
   16         /* @Debugger                                                                              */ 
   17         /*                                                                                                                                                */                                                           
   18         /* @Date         26 June-2005                                                 */
   19         /******************************************************************************/
   20         
   21         //****************************************************************************
   22         // @Typedefs
   23         //****************************************************************************
   24         
   25         typedef unsigned char  ubyte;    // 1 byte unsigned; prefix: ub 
   26         typedef signed char    sbyte;    // 1 byte signed;   prefix: sb 
   27         typedef unsigned int   uword;    // 2 byte unsigned; prefix: uw 
   28         typedef signed int     sword;    // 2 byte signed;   prefix: sw 
   29         typedef unsigned long  ulong;    // 4 byte unsigned; prefix: ul 
   30         typedef signed long    slong;    // 4 byte signed;   prefix: sl 
   31         
   32         //*****************************************************************************
   33         // Global: includes and defines
   34         //*****************************************************************************
   35         #include <XC164.h>                                /* standard I/O .h-file              */
   36         
   37         //*****************************************************************************
   38         // Global: variables
   39         //*****************************************************************************
   40         
   41         volatile uword  counter1 = 0;
   42         volatile uword  counter2 = 0;
   43         volatile uword  counter3 = 0;
   44          
   45         //*****************************************************************************
   46         //             main program
   47         //***************************************************************************** 
   48         void main(void)
C166 COMPILER V6.06, MAIN                                                                  05/23/2019 22:07:22 PAGE 2   

   49         {
   50  1      /************************************************************************/
   51  1      /*                        Local Declarations                            */
   52  1      /************************************************************************/      
   53  1       
   54  1      /************************************************************************/
   55  1      /*                        Main function                                         */
   56  1      /************************************************************************/
   57  1      
   58  1         //DP1L = (DP1L & ~(uword)0x3333) | 0x3333;      // Set direction register Port P1L.0 as output        
   59  1              DP1L = (DP1L & ~(uword)0x00ff) ;
   60  1              DP1L = (DP1L | 0x00ff) ;
   61  1              while (1) 
   62  1              {
   63  2               P1L_P0  = ~P1L_P0;         // Toggle yellow LED
   64  2               P1L_P1  = P1L_P1;
   65  2               P1L_P3  = ~P1L_P3;             
   66  2               
   67  2      
   68  2              // test
   69  2               counter1 = 0x8;
   70  2               while (counter1 > 0)
   71  2               {
   72  3                      counter1--;
   73  3                      counter2 = 0xFFFF;
   74  3                      while (counter2 > 0)
   75  3                      {
   76  4                              counter2--;
   77  4                      }
   78  3               }
   79  2              }
   80  1       }
   81         
   82         
   83         //*****************************************************************************
   84         //             end of program
   85         //*****************************************************************************
   86         


MODULE INFORMATION:   INITIALIZED  UNINITIALIZED
  CODE SIZE        =          58     --------
  NEAR-CONST SIZE  =    --------     --------
  FAR-CONST SIZE   =    --------     --------
  HUGE-CONST SIZE  =    --------     --------
  XHUGE-CONST SIZE =    --------     --------
  NEAR-DATA SIZE   =           6     --------
  FAR-DATA SIZE    =    --------     --------
  XHUGE-DATA SIZE  =    --------     --------
  IDATA-DATA SIZE  =    --------     --------
  SDATA-DATA SIZE  =    --------     --------
  BDATA-DATA SIZE  =    --------     --------
  HUGE-DATA SIZE   =    --------     --------
  BIT SIZE         =    --------     --------
  INIT'L SIZE      =          18     --------
END OF MODULE INFORMATION.


C166 COMPILATION COMPLETE.  0 WARNING(S),  0 ERROR(S)
